2024-10-27 11:04:23.793 [info] Reading sessions from keychain...
2024-10-27 11:04:23.793 [info] Getting sessions for all scopes...
2024-10-27 11:04:23.793 [info] Getting sessions for all scopes...
2024-10-27 11:04:23.856 [info] Getting sessions for read:user,repo,user:email,workflow...
2024-10-27 11:04:23.896 [info] Got 0 sessions for ...
2024-10-27 11:04:23.896 [info] Got 0 sessions for ...
2024-10-27 11:04:23.896 [info] Got 0 sessions for read:user,repo,user:email,workflow...
2024-10-27 11:04:23.968 [info] Getting sessions for all scopes...
2024-10-27 11:04:23.968 [info] Got 0 sessions for ...
2024-10-27 11:04:25.163 [info] Getting sessions for all scopes...
2024-10-27 11:04:25.163 [info] Got 0 sessions for ...
2024-10-27 11:04:32.124 [info] Reading sessions from keychain...
2024-10-27 11:04:32.124 [info] Getting sessions for all scopes...
2024-10-27 11:04:32.124 [info] Getting sessions for all scopes...
2024-10-27 11:04:32.304 [info] Getting sessions for read:user,repo,user:email,workflow...
2024-10-27 11:04:32.304 [info] Got 0 sessions for ...
2024-10-27 11:04:32.304 [info] Got 0 sessions for ...
2024-10-27 11:04:32.304 [info] Got 0 sessions for read:user,repo,user:email,workflow...
2024-10-27 11:04:32.449 [info] Getting sessions for all scopes...
2024-10-27 11:04:32.449 [info] Got 0 sessions for ...
2024-10-27 11:04:53.859 [info] Reading sessions from keychain...
2024-10-27 11:04:53.859 [info] Getting sessions for all scopes...
2024-10-27 11:04:53.859 [info] Getting sessions for all scopes...
2024-10-27 11:04:53.859 [info] Got 0 sessions for ...
2024-10-27 11:04:53.859 [info] Got 0 sessions for ...
2024-10-27 11:04:53.859 [info] Getting sessions for all scopes...
2024-10-27 11:04:53.859 [info] Got 0 sessions for ...
2024-10-27 11:04:53.862 [info] Getting sessions for read:user,repo,user:email,workflow...
2024-10-27 11:04:53.863 [info] Got 0 sessions for read:user,repo,user:email,workflow...
2024-10-27 11:05:01.148 [info] Reading sessions from keychain...
2024-10-27 11:05:01.148 [info] Getting sessions for all scopes...
2024-10-27 11:05:01.148 [info] Getting sessions for all scopes...
2024-10-27 11:05:01.148 [info] Got 0 sessions for ...
2024-10-27 11:05:01.148 [info] Got 0 sessions for ...
2024-10-27 11:05:01.148 [info] Getting sessions for all scopes...
2024-10-27 11:05:01.148 [info] Got 0 sessions for ...
2024-10-27 11:05:01.148 [info] Getting sessions for read:user,repo,user:email,workflow...
2024-10-27 11:05:01.148 [info] Got 0 sessions for read:user,repo,user:email,workflow...
