Locating server…
Booting server...
Checking if /mnt/hdd/HDD(lost+found)/maskura/project/Hbaiust_1/myenv/lib64/python3.12/site-packages/django/contrib/admin/static/admin/css/responsive_rtl.css may be Tailwind-related…
Setting up server…
Listening for messages…
Checking if /mnt/hdd/HDD(lost+found)/maskura/project/Hbaiust_1/myenv/lib64/python3.12/site-packages/django/contrib/admin/static/admin/css/nav_sidebar.css may be Tailwind-related…
Searching for Tailwind CSS projects in the workspace's folders.
Checking if /mnt/hdd/HDD(lost+found)/maskura/project/Hbaiust_1/myenv/lib64/python3.12/site-packages/django/contrib/admin/static/admin/css/responsive.css may be Tailwind-related…
Checking if /mnt/hdd/HDD(lost+found)/maskura/project/Hbaiust_1/myenv/lib64/python3.12/site-packages/django/contrib/admin/static/admin/css/login.css may be Tailwind-related…
Checking if /mnt/hdd/HDD(lost+found)/maskura/project/Hbaiust_1/myenv/lib64/python3.12/site-packages/django/contrib/admin/static/admin/css/base.css may be Tailwind-related…
Checking if /mnt/hdd/HDD(lost+found)/maskura/project/Hbaiust_1/myenv/lib64/python3.12/site-packages/django/contrib/admin/static/admin/css/dark_mode.css may be Tailwind-related…
Checking if /mnt/hdd/HDD(lost+found)/maskura/project/Hbaiust_1/myenv/lib64/python3.12/site-packages/django/contrib/admin/static/admin/css/changelists.css may be Tailwind-related…
Checking if /mnt/hdd/HDD(lost+found)/maskura/project/Hbaiust_1/myenv/lib64/python3.12/site-packages/django/contrib/admin/static/admin/css/widgets.css may be Tailwind-related…
Checking if /mnt/hdd/HDD(lost+found)/maskura/project/Hbaiust_1/myenv/lib64/python3.12/site-packages/django/contrib/admin/static/admin/css/forms.css may be Tailwind-related…
Checking if /mnt/hdd/HDD(lost+found)/maskura/project/Hbaiust_1/myenv/lib64/python3.12/site-packages/django/contrib/admin/static/admin/css/unusable_password_field.css may be Tailwind-related…
Checking if /mnt/hdd/HDD(lost+found)/maskura/project/Hbaiust_1/myenv/lib64/python3.12/site-packages/django/contrib/admin/static/admin/css/autocomplete.css may be Tailwind-related…
Checking if /mnt/hdd/HDD(lost+found)/maskura/project/Hbaiust_1/myenv/lib64/python3.12/site-packages/django/contrib/admin/static/admin/css/dashboard.css may be Tailwind-related…
Checking if /mnt/hdd/HDD(lost+found)/maskura/project/Hbaiust_1/myenv/lib64/python3.12/site-packages/django/contrib/admin/static/admin/css/rtl.css may be Tailwind-related…
Checking if /mnt/hdd/HDD(lost+found)/maskura/project/Hbaiust_1/myenv/lib64/python3.12/site-packages/django/contrib/admin/static/admin/css/vendor/select2/select2.min.css may be Tailwind-related…
Checking if /mnt/hdd/HDD(lost+found)/maskura/project/Hbaiust_1/myenv/lib64/python3.12/site-packages/django/contrib/admin/static/admin/css/vendor/select2/select2.css may be Tailwind-related…
Checking if /mnt/hdd/HDD(lost+found)/maskura/project/Hbaiust_1/myenv/lib64/python3.12/site-packages/django/contrib/gis/static/gis/css/ol3.css may be Tailwind-related…
Checking if /mnt/hdd/HDD(lost+found)/maskura/project/Hbaiust_1/myenv/lib/python3.12/site-packages/django/contrib/admin/static/admin/css/responsive.css may be Tailwind-related…
Checking if /mnt/hdd/HDD(lost+found)/maskura/project/Hbaiust_1/myenv/lib/python3.12/site-packages/django/contrib/admin/static/admin/css/nav_sidebar.css may be Tailwind-related…
Checking if /mnt/hdd/HDD(lost+found)/maskura/project/Hbaiust_1/myenv/lib/python3.12/site-packages/django/contrib/admin/static/admin/css/login.css may be Tailwind-related…
Checking if /mnt/hdd/HDD(lost+found)/maskura/project/Hbaiust_1/myenv/lib/python3.12/site-packages/django/contrib/admin/static/admin/css/base.css may be Tailwind-related…
Checking if /mnt/hdd/HDD(lost+found)/maskura/project/Hbaiust_1/myenv/lib/python3.12/site-packages/django/contrib/admin/static/admin/css/dark_mode.css may be Tailwind-related…
Checking if /mnt/hdd/HDD(lost+found)/maskura/project/Hbaiust_1/myenv/lib/python3.12/site-packages/django/contrib/admin/static/admin/css/changelists.css may be Tailwind-related…
Checking if /mnt/hdd/HDD(lost+found)/maskura/project/Hbaiust_1/myenv/lib/python3.12/site-packages/django/contrib/admin/static/admin/css/widgets.css may be Tailwind-related…
Checking if /mnt/hdd/HDD(lost+found)/maskura/project/Hbaiust_1/myenv/lib/python3.12/site-packages/django/contrib/admin/static/admin/css/forms.css may be Tailwind-related…
Checking if /mnt/hdd/HDD(lost+found)/maskura/project/Hbaiust_1/myenv/lib/python3.12/site-packages/django/contrib/admin/static/admin/css/unusable_password_field.css may be Tailwind-related…
Checking if /mnt/hdd/HDD(lost+found)/maskura/project/Hbaiust_1/myenv/lib/python3.12/site-packages/django/contrib/admin/static/admin/css/autocomplete.css may be Tailwind-related…
Checking if /mnt/hdd/HDD(lost+found)/maskura/project/Hbaiust_1/myenv/lib/python3.12/site-packages/django/contrib/admin/static/admin/css/dashboard.css may be Tailwind-related…
Checking if /mnt/hdd/HDD(lost+found)/maskura/project/Hbaiust_1/myenv/lib/python3.12/site-packages/django/contrib/admin/static/admin/css/vendor/select2/select2.min.css may be Tailwind-related…
Checking if /mnt/hdd/HDD(lost+found)/maskura/project/Hbaiust_1/myenv/lib/python3.12/site-packages/django/contrib/admin/static/admin/css/vendor/select2/select2.css may be Tailwind-related…
Checking if /mnt/hdd/HDD(lost+found)/maskura/project/Hbaiust_1/myenv/lib/python3.12/site-packages/django/contrib/admin/static/admin/css/rtl.css may be Tailwind-related…
Checking if /mnt/hdd/HDD(lost+found)/maskura/project/Hbaiust_1/myenv/lib/python3.12/site-packages/django/contrib/admin/static/admin/css/responsive_rtl.css may be Tailwind-related…
Checking if /mnt/hdd/HDD(lost+found)/maskura/project/Hbaiust_1/myenv/lib/python3.12/site-packages/django/contrib/gis/static/gis/css/ol3.css may be Tailwind-related…
[Global] Creating projects: []
[Global] Preparing projects...
[Global] Initializing projects...
[Global] Initialized 0 projects
[Info  - 10:05:02 PM] [GLOBAL] No matching project for document {
  fsPath: '/mnt/hdd/HDD(lost+found)/maskura/project/Hbaiust_1/Hbaiust_1/urls.py',
  normalPath: '/mnt/hdd/HDD(lost+found)/maskura/project/Hbaiust_1/Hbaiust_1/urls.py'
}
[Info  - 10:06:54 PM] [GLOBAL] No matching project for document {
  fsPath: '/mnt/hdd/HDD(lost+found)/maskura/project/Hbaiust_1/app_F/views.py',
  normalPath: '/mnt/hdd/HDD(lost+found)/maskura/project/Hbaiust_1/app_F/views.py'
}
