2024-10-27 11:04:20.515 [info] Added views:workbench.panel.markers.view in workbench.panel.markers
2024-10-27 11:04:20.515 [info] Added views:workbench.panel.output in workbench.panel.output
2024-10-27 11:04:20.515 [info] Added views:terminal in terminal
2024-10-27 11:04:20.515 [info] Added views:outline in workbench.view.explorer
2024-10-27 11:04:20.515 [info] Added views:workbench.scm in workbench.view.scm
2024-10-27 11:04:20.515 [info] Added views:workbench.view.search in workbench.view.search
2024-10-27 11:04:20.515 [info] Added views:timeline in workbench.view.explorer
2024-10-27 11:04:20.515 [info] Added views:workbench.explorer.fileView in workbench.view.explorer
2024-10-27 11:04:21.045 [info] Added views:workbench.debug.welcome in workbench.view.debug
2024-10-27 11:04:21.776 [info] Added views:workbench.panel.repl.view in workbench.panel.repl
2024-10-27 11:04:25.208 [info] Added views:~remote.forwardedPorts in ~remote.forwardedPortsContainer
2024-10-27 11:04:27.452 [info] Added views:workbench.panel.markers.view in workbench.panel.markers
2024-10-27 11:04:27.452 [info] Added views:workbench.panel.output in workbench.panel.output
2024-10-27 11:04:27.452 [info] Added views:terminal in terminal
2024-10-27 11:04:27.452 [info] Added views:outline in workbench.view.explorer
2024-10-27 11:04:27.452 [info] Added views:workbench.scm in workbench.view.scm
2024-10-27 11:04:27.452 [info] Added views:workbench.view.search in workbench.view.search
2024-10-27 11:04:27.452 [info] Added views:timeline in workbench.view.explorer
2024-10-27 11:04:27.452 [info] Added views:workbench.explorer.fileView in workbench.view.explorer
2024-10-27 11:04:27.800 [info] Added views:workbench.debug.welcome in workbench.view.debug
2024-10-27 11:04:28.461 [info] Added views:workbench.panel.repl.view in workbench.panel.repl
2024-10-27 11:04:30.108 [info] Added views:workbench.view.testing in workbench.view.extension.test
2024-10-27 11:04:32.426 [info] Added views:~remote.forwardedPorts in ~remote.forwardedPortsContainer
2024-10-27 11:04:46.229 [info] Removed views:workbench.view.testing from workbench.view.extension.test
2024-10-27 11:04:47.067 [info] Added views:workbench.panel.markers.view in workbench.panel.markers
2024-10-27 11:04:47.067 [info] Added views:workbench.panel.output in workbench.panel.output
2024-10-27 11:04:47.067 [info] Added views:terminal in terminal
2024-10-27 11:04:47.067 [info] Added views:outline in workbench.view.explorer
2024-10-27 11:04:47.067 [info] Added views:workbench.scm in workbench.view.scm
2024-10-27 11:04:47.067 [info] Added views:workbench.view.search in workbench.view.search
2024-10-27 11:04:47.067 [info] Added views:timeline in workbench.view.explorer
2024-10-27 11:04:47.067 [info] Added views:workbench.explorer.fileView in workbench.view.explorer
2024-10-27 11:04:47.937 [info] Added views:workbench.debug.variablesView,workbench.debug.watchExpressionsView,workbench.debug.callStackView,workbench.debug.breakPointsView in workbench.view.debug
2024-10-27 11:04:48.088 [info] Added views:workbench.panel.repl.view in workbench.panel.repl
2024-10-27 11:04:48.091 [info] Removed views:workbench.debug.breakPointsView,workbench.debug.callStackView,workbench.debug.watchExpressionsView,workbench.debug.variablesView from workbench.view.debug
2024-10-27 11:04:48.092 [info] Added views:workbench.debug.welcome in workbench.view.debug
2024-10-27 11:04:48.365 [info] Added views:~remote.forwardedPorts in ~remote.forwardedPortsContainer
2024-10-27 11:04:55.490 [info] Added views:workbench.panel.markers.view in workbench.panel.markers
2024-10-27 11:04:55.490 [info] Added views:workbench.panel.output in workbench.panel.output
2024-10-27 11:04:55.490 [info] Added views:terminal in terminal
2024-10-27 11:04:55.490 [info] Added views:outline in workbench.view.explorer
2024-10-27 11:04:55.490 [info] Added views:workbench.scm in workbench.view.scm
2024-10-27 11:04:55.490 [info] Added views:workbench.view.search in workbench.view.search
2024-10-27 11:04:55.490 [info] Added views:timeline in workbench.view.explorer
2024-10-27 11:04:55.490 [info] Added views:workbench.explorer.fileView in workbench.view.explorer
2024-10-27 11:04:56.327 [info] Added views:workbench.debug.welcome in workbench.view.debug
2024-10-27 11:04:56.422 [info] Added views:workbench.panel.repl.view in workbench.panel.repl
2024-10-27 11:04:56.715 [info] Added views:~remote.forwardedPorts in ~remote.forwardedPortsContainer
2024-10-27 11:04:57.197 [info] Added views:workbench.view.testing in workbench.view.extension.test
2024-10-30 20:38:42.551 [info] Removed views:workbench.view.testing from workbench.view.extension.test
