2024-11-02 19:11:37.730 [info] Added views:workbench.panel.markers.view in workbench.panel.markers
2024-11-02 19:11:37.730 [info] Added views:workbench.panel.output in workbench.panel.output
2024-11-02 19:11:37.730 [info] Added views:terminal in terminal
2024-11-02 19:11:37.730 [info] Added views:outline in workbench.view.explorer
2024-11-02 19:11:37.730 [info] Added views:workbench.scm in workbench.view.scm
2024-11-02 19:11:37.730 [info] Added views:workbench.view.search in workbench.view.search
2024-11-02 19:11:37.730 [info] Added views:timeline in workbench.view.explorer
2024-11-02 19:11:37.730 [info] Added views:workbench.explorer.emptyView in workbench.view.explorer
2024-11-02 19:11:38.755 [info] Added views:workbench.debug.variablesView,workbench.debug.watchExpressionsView,workbench.debug.callStackView,workbench.debug.breakPointsView in workbench.view.debug
2024-11-02 19:11:39.765 [info] Added views:~remote.forwardedPorts in ~remote.forwardedPortsContainer
2024-11-02 19:11:39.967 [info] Added views:workbench.panel.repl.view in workbench.panel.repl
2024-11-02 19:11:39.969 [info] Removed views:workbench.debug.breakPointsView,workbench.debug.callStackView,workbench.debug.watchExpressionsView,workbench.debug.variablesView from workbench.view.debug
2024-11-02 19:11:39.970 [info] Added views:workbench.debug.welcome in workbench.view.debug
2024-11-02 19:11:59.109 [info] Added views:workbench.panel.markers.view in workbench.panel.markers
2024-11-02 19:11:59.109 [info] Added views:workbench.panel.output in workbench.panel.output
2024-11-02 19:11:59.109 [info] Added views:terminal in terminal
2024-11-02 19:11:59.109 [info] Added views:outline in workbench.view.explorer
2024-11-02 19:11:59.109 [info] Added views:workbench.scm in workbench.view.scm
2024-11-02 19:11:59.109 [info] Added views:workbench.view.search in workbench.view.search
2024-11-02 19:11:59.109 [info] Added views:timeline in workbench.view.explorer
2024-11-02 19:11:59.109 [info] Added views:workbench.explorer.emptyView in workbench.view.explorer
2024-11-02 19:11:59.890 [info] Added views:workbench.debug.welcome in workbench.view.debug
2024-11-02 19:11:59.996 [info] Added views:workbench.panel.repl.view in workbench.panel.repl
2024-11-02 19:12:00.564 [info] Added views:~remote.forwardedPorts in ~remote.forwardedPortsContainer
2024-11-02 19:13:24.772 [info] Added views:workbench.panel.markers.view in workbench.panel.markers
2024-11-02 19:13:24.772 [info] Added views:workbench.panel.output in workbench.panel.output
2024-11-02 19:13:24.772 [info] Added views:terminal in terminal
2024-11-02 19:13:24.772 [info] Added views:outline in workbench.view.explorer
2024-11-02 19:13:24.772 [info] Added views:workbench.scm in workbench.view.scm
2024-11-02 19:13:24.772 [info] Added views:workbench.view.search in workbench.view.search
2024-11-02 19:13:24.772 [info] Added views:timeline in workbench.view.explorer
2024-11-02 19:13:24.772 [info] Added views:workbench.explorer.fileView in workbench.view.explorer
2024-11-02 19:13:25.439 [info] Added views:workbench.debug.variablesView,workbench.debug.watchExpressionsView,workbench.debug.callStackView,workbench.debug.breakPointsView in workbench.view.debug
2024-11-02 19:13:25.895 [info] Added views:workbench.panel.repl.view in workbench.panel.repl
2024-11-02 19:13:25.897 [info] Removed views:workbench.debug.breakPointsView,workbench.debug.callStackView,workbench.debug.watchExpressionsView,workbench.debug.variablesView from workbench.view.debug
2024-11-02 19:13:25.898 [info] Added views:workbench.debug.welcome in workbench.view.debug
2024-11-02 19:13:26.107 [info] Added views:~remote.forwardedPorts in ~remote.forwardedPortsContainer
2024-11-02 19:14:02.400 [info] Added views:workbench.panel.markers.view in workbench.panel.markers
2024-11-02 19:14:02.400 [info] Added views:workbench.panel.output in workbench.panel.output
2024-11-02 19:14:02.400 [info] Added views:terminal in terminal
2024-11-02 19:14:02.400 [info] Added views:outline in workbench.view.explorer
2024-11-02 19:14:02.400 [info] Added views:workbench.scm in workbench.view.scm
2024-11-02 19:14:02.400 [info] Added views:workbench.view.search in workbench.view.search
2024-11-02 19:14:02.400 [info] Added views:timeline in workbench.view.explorer
2024-11-02 19:14:02.400 [info] Added views:workbench.explorer.fileView in workbench.view.explorer
2024-11-02 19:14:03.318 [info] Added views:workbench.debug.welcome in workbench.view.debug
2024-11-02 19:14:03.423 [info] Added views:workbench.panel.repl.view in workbench.panel.repl
2024-11-02 19:14:03.883 [info] Added views:~remote.forwardedPorts in ~remote.forwardedPortsContainer
2024-11-02 19:16:14.073 [info] Added views:workbench.panel.markers.view in workbench.panel.markers
2024-11-02 19:16:14.073 [info] Added views:workbench.panel.output in workbench.panel.output
2024-11-02 19:16:14.073 [info] Added views:terminal in terminal
2024-11-02 19:16:14.073 [info] Added views:outline in workbench.view.explorer
2024-11-02 19:16:14.074 [info] Added views:workbench.scm in workbench.view.scm
2024-11-02 19:16:14.074 [info] Added views:workbench.view.search in workbench.view.search
2024-11-02 19:16:14.074 [info] Added views:timeline in workbench.view.explorer
2024-11-02 19:16:14.074 [info] Added views:workbench.explorer.fileView in workbench.view.explorer
2024-11-02 19:16:14.954 [info] Added views:workbench.debug.variablesView,workbench.debug.watchExpressionsView,workbench.debug.callStackView,workbench.debug.breakPointsView in workbench.view.debug
2024-11-02 19:16:14.995 [info] Added views:workbench.panel.repl.view in workbench.panel.repl
2024-11-02 19:16:14.999 [info] Removed views:workbench.debug.breakPointsView,workbench.debug.callStackView,workbench.debug.watchExpressionsView,workbench.debug.variablesView from workbench.view.debug
2024-11-02 19:16:15.000 [info] Added views:workbench.debug.welcome in workbench.view.debug
2024-11-02 19:16:15.328 [info] Added views:~remote.forwardedPorts in ~remote.forwardedPortsContainer
2024-11-02 19:16:19.658 [info] Added views:workbench.panel.markers.view in workbench.panel.markers
2024-11-02 19:16:19.658 [info] Added views:workbench.panel.output in workbench.panel.output
2024-11-02 19:16:19.658 [info] Added views:terminal in terminal
2024-11-02 19:16:19.658 [info] Added views:outline in workbench.view.explorer
2024-11-02 19:16:19.658 [info] Added views:workbench.scm in workbench.view.scm
2024-11-02 19:16:19.658 [info] Added views:workbench.view.search in workbench.view.search
2024-11-02 19:16:19.658 [info] Added views:timeline in workbench.view.explorer
2024-11-02 19:16:19.658 [info] Added views:workbench.explorer.fileView in workbench.view.explorer
2024-11-02 19:16:20.508 [info] Added views:workbench.debug.welcome in workbench.view.debug
2024-11-02 19:16:20.594 [info] Added views:workbench.panel.repl.view in workbench.panel.repl
2024-11-02 19:16:20.967 [info] Added views:~remote.forwardedPorts in ~remote.forwardedPortsContainer
2024-11-02 19:16:22.186 [info] Added views:workbench.view.testing in workbench.view.extension.test
2024-11-02 19:24:36.767 [info] Added views:workbench.views.extensions.installed,workbench.views.extensions.popular,extensions.recommendedList in workbench.view.extensions
2024-11-02 19:24:36.773 [info] Removed views:workbench.views.extensions.popular from workbench.view.extensions
2024-11-02 20:03:52.502 [info] Removed views:extensions.recommendedList,workbench.views.extensions.installed from workbench.view.extensions
2024-11-02 20:03:52.521 [info] Added views:workbench.views.extensions.marketplace in workbench.view.extensions
2024-11-02 20:04:07.665 [info] Removed views:workbench.views.extensions.marketplace from workbench.view.extensions
2024-11-02 20:04:07.682 [info] Added views:workbench.views.extensions.installed,extensions.recommendedList in workbench.view.extensions
