2024-10-26 21:59:39.937 [info] Added views:workbench.panel.markers.view in workbench.panel.markers
2024-10-26 21:59:39.937 [info] Added views:workbench.panel.output in workbench.panel.output
2024-10-26 21:59:39.937 [info] Added views:terminal in terminal
2024-10-26 21:59:39.937 [info] Added views:outline in workbench.view.explorer
2024-10-26 21:59:39.937 [info] Added views:workbench.scm in workbench.view.scm
2024-10-26 21:59:39.937 [info] Added views:workbench.view.search in workbench.view.search
2024-10-26 21:59:39.937 [info] Added views:timeline in workbench.view.explorer
2024-10-26 21:59:39.937 [info] Added views:workbench.explorer.emptyView in workbench.view.explorer
2024-10-26 21:59:40.633 [info] Added views:workbench.debug.variablesView,workbench.debug.watchExpressionsView,workbench.debug.callStackView,workbench.debug.breakPointsView in workbench.view.debug
2024-10-26 21:59:41.611 [info] Added views:~remote.forwardedPorts in ~remote.forwardedPortsContainer
2024-10-26 21:59:41.754 [info] Added views:workbench.panel.repl.view in workbench.panel.repl
2024-10-26 21:59:41.756 [info] Removed views:workbench.debug.breakPointsView,workbench.debug.callStackView,workbench.debug.watchExpressionsView,workbench.debug.variablesView from workbench.view.debug
2024-10-26 21:59:41.757 [info] Added views:workbench.debug.welcome in workbench.view.debug
2024-10-26 21:59:48.890 [info] Added views:workbench.panel.markers.view in workbench.panel.markers
2024-10-26 21:59:48.890 [info] Added views:workbench.panel.output in workbench.panel.output
2024-10-26 21:59:48.890 [info] Added views:terminal in terminal
2024-10-26 21:59:48.890 [info] Added views:outline in workbench.view.explorer
2024-10-26 21:59:48.890 [info] Added views:workbench.scm in workbench.view.scm
2024-10-26 21:59:48.890 [info] Added views:workbench.view.search in workbench.view.search
2024-10-26 21:59:48.890 [info] Added views:timeline in workbench.view.explorer
2024-10-26 21:59:48.890 [info] Added views:workbench.explorer.emptyView in workbench.view.explorer
2024-10-26 21:59:49.880 [info] Added views:workbench.debug.welcome in workbench.view.debug
2024-10-26 21:59:50.085 [info] Added views:workbench.panel.repl.view in workbench.panel.repl
2024-10-26 21:59:50.232 [info] Added views:~remote.forwardedPorts in ~remote.forwardedPortsContainer
2024-10-26 22:00:12.001 [info] Added views:workbench.panel.markers.view in workbench.panel.markers
2024-10-26 22:00:12.001 [info] Added views:workbench.panel.output in workbench.panel.output
2024-10-26 22:00:12.001 [info] Added views:terminal in terminal
2024-10-26 22:00:12.001 [info] Added views:outline in workbench.view.explorer
2024-10-26 22:00:12.001 [info] Added views:workbench.scm in workbench.view.scm
2024-10-26 22:00:12.001 [info] Added views:workbench.view.search in workbench.view.search
2024-10-26 22:00:12.001 [info] Added views:timeline in workbench.view.explorer
2024-10-26 22:00:12.001 [info] Added views:workbench.explorer.fileView in workbench.view.explorer
2024-10-26 22:00:12.405 [info] Added views:workbench.debug.variablesView,workbench.debug.watchExpressionsView,workbench.debug.callStackView,workbench.debug.breakPointsView in workbench.view.debug
2024-10-26 22:00:12.874 [info] Added views:~remote.forwardedPorts in ~remote.forwardedPortsContainer
2024-10-26 22:00:13.087 [info] Added views:workbench.panel.repl.view in workbench.panel.repl
2024-10-26 22:00:13.091 [info] Removed views:workbench.debug.breakPointsView,workbench.debug.callStackView,workbench.debug.watchExpressionsView,workbench.debug.variablesView from workbench.view.debug
2024-10-26 22:00:13.094 [info] Added views:workbench.debug.welcome in workbench.view.debug
2024-10-26 22:00:18.659 [info] Added views:workbench.panel.markers.view in workbench.panel.markers
2024-10-26 22:00:18.659 [info] Added views:workbench.panel.output in workbench.panel.output
2024-10-26 22:00:18.659 [info] Added views:terminal in terminal
2024-10-26 22:00:18.659 [info] Added views:outline in workbench.view.explorer
2024-10-26 22:00:18.659 [info] Added views:workbench.scm in workbench.view.scm
2024-10-26 22:00:18.659 [info] Added views:workbench.view.search in workbench.view.search
2024-10-26 22:00:18.659 [info] Added views:timeline in workbench.view.explorer
2024-10-26 22:00:18.659 [info] Added views:workbench.explorer.fileView in workbench.view.explorer
2024-10-26 22:00:19.508 [info] Added views:workbench.debug.welcome in workbench.view.debug
2024-10-26 22:00:19.669 [info] Added views:workbench.panel.repl.view in workbench.panel.repl
2024-10-26 22:00:20.383 [info] Added views:~remote.forwardedPorts in ~remote.forwardedPortsContainer
2024-10-26 22:19:24.317 [info] Added views:workbench.panel.markers.view in workbench.panel.markers
2024-10-26 22:19:24.317 [info] Added views:workbench.panel.output in workbench.panel.output
2024-10-26 22:19:24.317 [info] Added views:terminal in terminal
2024-10-26 22:19:24.317 [info] Added views:outline in workbench.view.explorer
2024-10-26 22:19:24.317 [info] Added views:workbench.scm in workbench.view.scm
2024-10-26 22:19:24.317 [info] Added views:workbench.view.search in workbench.view.search
2024-10-26 22:19:24.317 [info] Added views:timeline in workbench.view.explorer
2024-10-26 22:19:24.317 [info] Added views:workbench.explorer.fileView in workbench.view.explorer
2024-10-26 22:19:25.242 [info] Added views:workbench.debug.variablesView,workbench.debug.watchExpressionsView,workbench.debug.callStackView,workbench.debug.breakPointsView in workbench.view.debug
2024-10-26 22:19:25.354 [info] Added views:workbench.panel.repl.view in workbench.panel.repl
2024-10-26 22:19:25.359 [info] Removed views:workbench.debug.breakPointsView,workbench.debug.callStackView,workbench.debug.watchExpressionsView,workbench.debug.variablesView from workbench.view.debug
2024-10-26 22:19:25.360 [info] Added views:workbench.debug.welcome in workbench.view.debug
2024-10-26 22:19:25.694 [info] Added views:~remote.forwardedPorts in ~remote.forwardedPortsContainer
2024-10-26 22:19:41.511 [info] Added views:workbench.panel.markers.view in workbench.panel.markers
2024-10-26 22:19:41.512 [info] Added views:workbench.panel.output in workbench.panel.output
2024-10-26 22:19:41.512 [info] Added views:terminal in terminal
2024-10-26 22:19:41.512 [info] Added views:outline in workbench.view.explorer
2024-10-26 22:19:41.512 [info] Added views:workbench.scm in workbench.view.scm
2024-10-26 22:19:41.512 [info] Added views:workbench.view.search in workbench.view.search
2024-10-26 22:19:41.512 [info] Added views:timeline in workbench.view.explorer
2024-10-26 22:19:41.512 [info] Added views:workbench.explorer.fileView in workbench.view.explorer
2024-10-26 22:19:42.295 [info] Added views:workbench.debug.variablesView,workbench.debug.watchExpressionsView,workbench.debug.callStackView,workbench.debug.breakPointsView in workbench.view.debug
2024-10-26 22:19:42.503 [info] Added views:workbench.panel.repl.view in workbench.panel.repl
2024-10-26 22:19:42.506 [info] Removed views:workbench.debug.breakPointsView,workbench.debug.callStackView,workbench.debug.watchExpressionsView,workbench.debug.variablesView from workbench.view.debug
2024-10-26 22:19:42.507 [info] Added views:workbench.debug.welcome in workbench.view.debug
2024-10-26 22:19:42.679 [info] Added views:~remote.forwardedPorts in ~remote.forwardedPortsContainer
2024-10-26 22:19:47.129 [info] Added views:workbench.panel.markers.view in workbench.panel.markers
2024-10-26 22:19:47.129 [info] Added views:workbench.panel.output in workbench.panel.output
2024-10-26 22:19:47.129 [info] Added views:terminal in terminal
2024-10-26 22:19:47.129 [info] Added views:outline in workbench.view.explorer
2024-10-26 22:19:47.129 [info] Added views:workbench.scm in workbench.view.scm
2024-10-26 22:19:47.129 [info] Added views:workbench.view.search in workbench.view.search
2024-10-26 22:19:47.129 [info] Added views:timeline in workbench.view.explorer
2024-10-26 22:19:47.129 [info] Added views:workbench.explorer.fileView in workbench.view.explorer
2024-10-26 22:19:47.966 [info] Added views:workbench.debug.welcome in workbench.view.debug
2024-10-26 22:19:48.041 [info] Added views:workbench.panel.repl.view in workbench.panel.repl
2024-10-26 22:19:48.352 [info] Added views:~remote.forwardedPorts in ~remote.forwardedPortsContainer
2024-10-26 22:19:49.796 [info] Added views:workbench.view.testing in workbench.view.extension.test
