Locating server…
Booting server...
Setting up server…
Listening for messages…
Searching for Tailwind CSS projects in the workspace's folders.
[Global] Creating projects: []
[Global] Preparing projects...
[Global] Initializing projects...
[Info  - 10:20:10 PM] [GLOBAL] No matching project for document {
  fsPath: '/home/maskura/python_django/home1_project/Hbaiust_1/README.md',
  normalPath: '/home/maskura/python_django/home1_project/Hbaiust_1/README.md'
}
[Global] Initialized 0 projects
[Info  - 10:20:17 PM] [GLOBAL] No matching project for document {
  fsPath: '/home/maskura/python_django/home1_project/Hbaiust_1/README.md',
  normalPath: '/home/maskura/python_django/home1_project/Hbaiust_1/README.md'
}
[Info  - 10:20:17 PM] [GLOBAL] No matching project for document {
  fsPath: '/home/maskura/python_django/home1_project/Hbaiust_1/README.md',
  normalPath: '/home/maskura/python_django/home1_project/Hbaiust_1/README.md'
}
[Info  - 10:20:17 PM] [GLOBAL] No matching project for document {
  fsPath: '/home/maskura/python_django/home1_project/Hbaiust_1/README.md',
  normalPath: '/home/maskura/python_django/home1_project/Hbaiust_1/README.md'
}
[Info  - 10:20:18 PM] [GLOBAL] No matching project for document {
  fsPath: '/home/maskura/python_django/home1_project/Hbaiust_1/README.md',
  normalPath: '/home/maskura/python_django/home1_project/Hbaiust_1/README.md'
}
[Info  - 10:20:23 PM] [GLOBAL] No matching project for document {
  fsPath: '/home/maskura/python_django/home1_project/Hbaiust_1/README.md',
  normalPath: '/home/maskura/python_django/home1_project/Hbaiust_1/README.md'
}
[Info  - 10:20:23 PM] [GLOBAL] No matching project for document {
  fsPath: '/home/maskura/python_django/home1_project/Hbaiust_1/README.md',
  normalPath: '/home/maskura/python_django/home1_project/Hbaiust_1/README.md'
}
[Info  - 10:20:23 PM] [GLOBAL] No matching project for document {
  fsPath: '/home/maskura/python_django/home1_project/Hbaiust_1/README.md',
  normalPath: '/home/maskura/python_django/home1_project/Hbaiust_1/README.md'
}
[Info  - 10:20:23 PM] [GLOBAL] No matching project for document {
  fsPath: '/home/maskura/python_django/home1_project/Hbaiust_1/README.md',
  normalPath: '/home/maskura/python_django/home1_project/Hbaiust_1/README.md'
}
[Info  - 10:20:58 PM] [GLOBAL] No matching project for document {
  fsPath: '/home/maskura/python_django/home1_project/Hbaiust_1/README.md',
  normalPath: '/home/maskura/python_django/home1_project/Hbaiust_1/README.md'
}
[Info  - 10:20:58 PM] [GLOBAL] No matching project for document {
  fsPath: '/home/maskura/python_django/home1_project/Hbaiust_1/README.md',
  normalPath: '/home/maskura/python_django/home1_project/Hbaiust_1/README.md'
}
[Info  - 10:20:59 PM] [GLOBAL] No matching project for document {
  fsPath: '/home/maskura/python_django/home1_project/Hbaiust_1/README.md',
  normalPath: '/home/maskura/python_django/home1_project/Hbaiust_1/README.md'
}
[Info  - 10:20:59 PM] [GLOBAL] No matching project for document {
  fsPath: '/home/maskura/python_django/home1_project/Hbaiust_1/README.md',
  normalPath: '/home/maskura/python_django/home1_project/Hbaiust_1/README.md'
}
[Info  - 10:21:01 PM] [GLOBAL] No matching project for document {
  fsPath: '/home/maskura/python_django/home1_project/Hbaiust_1/README.md',
  normalPath: '/home/maskura/python_django/home1_project/Hbaiust_1/README.md'
}
[Info  - 10:21:09 PM] [GLOBAL] No matching project for document {
  fsPath: '/home/maskura/python_django/home1_project/Hbaiust_1/README.md',
  normalPath: '/home/maskura/python_django/home1_project/Hbaiust_1/README.md'
}
[Info  - 10:21:10 PM] [GLOBAL] No matching project for document {
  fsPath: '/home/maskura/python_django/home1_project/Hbaiust_1/README.md',
  normalPath: '/home/maskura/python_django/home1_project/Hbaiust_1/README.md'
}
[Info  - 10:21:11 PM] [GLOBAL] No matching project for document {
  fsPath: '/home/maskura/python_django/home1_project/Hbaiust_1/README.md',
  normalPath: '/home/maskura/python_django/home1_project/Hbaiust_1/README.md'
}
[Info  - 10:21:12 PM] [GLOBAL] No matching project for document {
  fsPath: '/home/maskura/python_django/home1_project/Hbaiust_1/README.md',
  normalPath: '/home/maskura/python_django/home1_project/Hbaiust_1/README.md'
}
[Info  - 10:21:13 PM] [GLOBAL] No matching project for document {
  fsPath: '/home/maskura/python_django/home1_project/Hbaiust_1/README.md',
  normalPath: '/home/maskura/python_django/home1_project/Hbaiust_1/README.md'
}
[Info  - 10:21:14 PM] [GLOBAL] No matching project for document {
  fsPath: '/home/maskura/python_django/home1_project/Hbaiust_1/README.md',
  normalPath: '/home/maskura/python_django/home1_project/Hbaiust_1/README.md'
}
[Info  - 10:21:15 PM] [GLOBAL] No matching project for document {
  fsPath: '/home/maskura/python_django/home1_project/Hbaiust_1/README.md',
  normalPath: '/home/maskura/python_django/home1_project/Hbaiust_1/README.md'
}
[Info  - 10:21:16 PM] [GLOBAL] No matching project for document {
  fsPath: '/home/maskura/python_django/home1_project/Hbaiust_1/README.md',
  normalPath: '/home/maskura/python_django/home1_project/Hbaiust_1/README.md'
}
[Info  - 10:21:16 PM] [GLOBAL] No matching project for document {
  fsPath: '/home/maskura/python_django/home1_project/Hbaiust_1/README.md',
  normalPath: '/home/maskura/python_django/home1_project/Hbaiust_1/README.md'
}
[Info  - 10:21:18 PM] [GLOBAL] No matching project for document {
  fsPath: '/home/maskura/python_django/home1_project/Hbaiust_1/README.md',
  normalPath: '/home/maskura/python_django/home1_project/Hbaiust_1/README.md'
}
[Info  - 10:21:19 PM] [GLOBAL] No matching project for document {
  fsPath: '/home/maskura/python_django/home1_project/Hbaiust_1/README.md',
  normalPath: '/home/maskura/python_django/home1_project/Hbaiust_1/README.md'
}
[Info  - 10:21:22 PM] [GLOBAL] No matching project for document {
  fsPath: '/home/maskura/python_django/home1_project/Hbaiust_1/README.md',
  normalPath: '/home/maskura/python_django/home1_project/Hbaiust_1/README.md'
}
[Info  - 10:26:21 PM] [GLOBAL] No matching project for document {
  fsPath: '/home/maskura/python_django/home1_project/Hbaiust_1/README.md',
  normalPath: '/home/maskura/python_django/home1_project/Hbaiust_1/README.md'
}
[Info  - 10:26:21 PM] [GLOBAL] No matching project for document {
  fsPath: '/home/maskura/python_django/home1_project/Hbaiust_1/README.md',
  normalPath: '/home/maskura/python_django/home1_project/Hbaiust_1/README.md'
}
[Info  - 10:26:22 PM] [GLOBAL] No matching project for document {
  fsPath: '/home/maskura/python_django/home1_project/Hbaiust_1/README.md',
  normalPath: '/home/maskura/python_django/home1_project/Hbaiust_1/README.md'
}
[Info  - 10:26:22 PM] [GLOBAL] No matching project for document {
  fsPath: '/home/maskura/python_django/home1_project/Hbaiust_1/README.md',
  normalPath: '/home/maskura/python_django/home1_project/Hbaiust_1/README.md'
}
[Info  - 10:26:24 PM] [GLOBAL] No matching project for document {
  fsPath: '/home/maskura/python_django/home1_project/Hbaiust_1/README.md',
  normalPath: '/home/maskura/python_django/home1_project/Hbaiust_1/README.md'
}
[Info  - 10:26:24 PM] [GLOBAL] No matching project for document {
  fsPath: '/home/maskura/python_django/home1_project/Hbaiust_1/README.md',
  normalPath: '/home/maskura/python_django/home1_project/Hbaiust_1/README.md'
}
[Info  - 10:26:26 PM] [GLOBAL] No matching project for document {
  fsPath: '/home/maskura/python_django/home1_project/Hbaiust_1/README.md',
  normalPath: '/home/maskura/python_django/home1_project/Hbaiust_1/README.md'
}
[Info  - 10:26:36 PM] [GLOBAL] No matching project for document {
  fsPath: '/home/maskura/python_django/home1_project/Hbaiust_1/README.md',
  normalPath: '/home/maskura/python_django/home1_project/Hbaiust_1/README.md'
}
[Info  - 10:26:38 PM] [GLOBAL] No matching project for document {
  fsPath: '/home/maskura/python_django/home1_project/Hbaiust_1/README.md',
  normalPath: '/home/maskura/python_django/home1_project/Hbaiust_1/README.md'
}
[Info  - 10:26:39 PM] [GLOBAL] No matching project for document {
  fsPath: '/home/maskura/python_django/home1_project/Hbaiust_1/README.md',
  normalPath: '/home/maskura/python_django/home1_project/Hbaiust_1/README.md'
}
[Info  - 10:26:39 PM] [GLOBAL] No matching project for document {
  fsPath: '/home/maskura/python_django/home1_project/Hbaiust_1/README.md',
  normalPath: '/home/maskura/python_django/home1_project/Hbaiust_1/README.md'
}
[Info  - 10:26:40 PM] [GLOBAL] No matching project for document {
  fsPath: '/home/maskura/python_django/home1_project/Hbaiust_1/README.md',
  normalPath: '/home/maskura/python_django/home1_project/Hbaiust_1/README.md'
}
[Info  - 10:26:51 PM] [GLOBAL] No matching project for document {
  fsPath: '/home/maskura/python_django/home1_project/Hbaiust_1/README.md',
  normalPath: '/home/maskura/python_django/home1_project/Hbaiust_1/README.md'
}
[Info  - 10:26:51 PM] [GLOBAL] No matching project for document {
  fsPath: '/home/maskura/python_django/home1_project/Hbaiust_1/README.md',
  normalPath: '/home/maskura/python_django/home1_project/Hbaiust_1/README.md'
}
[Info  - 10:26:52 PM] [GLOBAL] No matching project for document {
  fsPath: '/home/maskura/python_django/home1_project/Hbaiust_1/README.md',
  normalPath: '/home/maskura/python_django/home1_project/Hbaiust_1/README.md'
}
[Info  - 10:28:38 PM] [GLOBAL] No matching project for document {
  fsPath: '/home/maskura/python_django/home1_project/Hbaiust_1/README.md',
  normalPath: '/home/maskura/python_django/home1_project/Hbaiust_1/README.md'
}
[Info  - 10:28:39 PM] [GLOBAL] No matching project for document {
  fsPath: '/home/maskura/python_django/home1_project/Hbaiust_1/README.md',
  normalPath: '/home/maskura/python_django/home1_project/Hbaiust_1/README.md'
}
[Info  - 10:28:39 PM] [GLOBAL] No matching project for document {
  fsPath: '/home/maskura/python_django/home1_project/Hbaiust_1/README.md',
  normalPath: '/home/maskura/python_django/home1_project/Hbaiust_1/README.md'
}
[Info  - 10:28:39 PM] [GLOBAL] No matching project for document {
  fsPath: '/home/maskura/python_django/home1_project/Hbaiust_1/README.md',
  normalPath: '/home/maskura/python_django/home1_project/Hbaiust_1/README.md'
}
[Info  - 10:28:40 PM] [GLOBAL] No matching project for document {
  fsPath: '/home/maskura/python_django/home1_project/Hbaiust_1/README.md',
  normalPath: '/home/maskura/python_django/home1_project/Hbaiust_1/README.md'
}
[Info  - 10:28:41 PM] [GLOBAL] No matching project for document {
  fsPath: '/home/maskura/python_django/home1_project/Hbaiust_1/README.md',
  normalPath: '/home/maskura/python_django/home1_project/Hbaiust_1/README.md'
}
[Info  - 10:28:42 PM] [GLOBAL] No matching project for document {
  fsPath: '/home/maskura/python_django/home1_project/Hbaiust_1/README.md',
  normalPath: '/home/maskura/python_django/home1_project/Hbaiust_1/README.md'
}
[Info  - 10:28:42 PM] [GLOBAL] No matching project for document {
  fsPath: '/home/maskura/python_django/home1_project/Hbaiust_1/README.md',
  normalPath: '/home/maskura/python_django/home1_project/Hbaiust_1/README.md'
}
[Info  - 10:28:43 PM] [GLOBAL] No matching project for document {
  fsPath: '/home/maskura/python_django/home1_project/Hbaiust_1/README.md',
  normalPath: '/home/maskura/python_django/home1_project/Hbaiust_1/README.md'
}
[Info  - 10:28:43 PM] [GLOBAL] No matching project for document {
  fsPath: '/home/maskura/python_django/home1_project/Hbaiust_1/README.md',
  normalPath: '/home/maskura/python_django/home1_project/Hbaiust_1/README.md'
}
[Info  - 10:28:43 PM] [GLOBAL] No matching project for document {
  fsPath: '/home/maskura/python_django/home1_project/Hbaiust_1/README.md',
  normalPath: '/home/maskura/python_django/home1_project/Hbaiust_1/README.md'
}
[Info  - 10:28:44 PM] [GLOBAL] No matching project for document {
  fsPath: '/home/maskura/python_django/home1_project/Hbaiust_1/README.md',
  normalPath: '/home/maskura/python_django/home1_project/Hbaiust_1/README.md'
}
[Info  - 10:28:44 PM] [GLOBAL] No matching project for document {
  fsPath: '/home/maskura/python_django/home1_project/Hbaiust_1/README.md',
  normalPath: '/home/maskura/python_django/home1_project/Hbaiust_1/README.md'
}
[Info  - 10:28:46 PM] [GLOBAL] No matching project for document {
  fsPath: '/home/maskura/python_django/home1_project/Hbaiust_1/README.md',
  normalPath: '/home/maskura/python_django/home1_project/Hbaiust_1/README.md'
}
[Info  - 10:28:48 PM] [GLOBAL] No matching project for document {
  fsPath: '/home/maskura/python_django/home1_project/Hbaiust_1/README.md',
  normalPath: '/home/maskura/python_django/home1_project/Hbaiust_1/README.md'
}
[Info  - 10:30:07 PM] [GLOBAL] No matching project for document {
  fsPath: '/home/maskura/python_django/home1_project/Hbaiust_1/README.md',
  normalPath: '/home/maskura/python_django/home1_project/Hbaiust_1/README.md'
}
[Info  - 10:37:17 PM] [GLOBAL] No matching project for document {
  fsPath: '/home/maskura/python_django/home1_project/Hbaiust_1/README.md',
  normalPath: '/home/maskura/python_django/home1_project/Hbaiust_1/README.md'
}
[Info  - 10:37:22 PM] [GLOBAL] No matching project for document {
  fsPath: '/home/maskura/python_django/home1_project/Hbaiust_1/README.md',
  normalPath: '/home/maskura/python_django/home1_project/Hbaiust_1/README.md'
}
[Info  - 10:37:26 PM] [GLOBAL] No matching project for document {
  fsPath: '/home/maskura/python_django/home1_project/Hbaiust_1/README.md',
  normalPath: '/home/maskura/python_django/home1_project/Hbaiust_1/README.md'
}
[Info  - 10:37:37 PM] [GLOBAL] No matching project for document {
  fsPath: '/home/maskura/python_django/home1_project/Hbaiust_1/README.md',
  normalPath: '/home/maskura/python_django/home1_project/Hbaiust_1/README.md'
}
[Info  - 10:37:42 PM] [GLOBAL] No matching project for document {
  fsPath: '/home/maskura/python_django/home1_project/Hbaiust_1/README.md',
  normalPath: '/home/maskura/python_django/home1_project/Hbaiust_1/README.md'
}
[Info  - 10:37:48 PM] [GLOBAL] No matching project for document {
  fsPath: '/home/maskura/python_django/home1_project/Hbaiust_1/README.md',
  normalPath: '/home/maskura/python_django/home1_project/Hbaiust_1/README.md'
}
[Info  - 10:37:52 PM] [GLOBAL] No matching project for document {
  fsPath: '/home/maskura/python_django/home1_project/Hbaiust_1/README.md',
  normalPath: '/home/maskura/python_django/home1_project/Hbaiust_1/README.md'
}
[Info  - 10:38:00 PM] [GLOBAL] No matching project for document {
  fsPath: '/home/maskura/python_django/home1_project/Hbaiust_1/README.md',
  normalPath: '/home/maskura/python_django/home1_project/Hbaiust_1/README.md'
}
[Info  - 10:38:05 PM] [GLOBAL] No matching project for document {
  fsPath: '/home/maskura/python_django/home1_project/Hbaiust_1/README.md',
  normalPath: '/home/maskura/python_django/home1_project/Hbaiust_1/README.md'
}
[Info  - 10:38:06 PM] [GLOBAL] No matching project for document {
  fsPath: '/home/maskura/python_django/home1_project/Hbaiust_1/README.md',
  normalPath: '/home/maskura/python_django/home1_project/Hbaiust_1/README.md'
}
[Info  - 10:38:06 PM] [GLOBAL] No matching project for document {
  fsPath: '/home/maskura/python_django/home1_project/Hbaiust_1/README.md',
  normalPath: '/home/maskura/python_django/home1_project/Hbaiust_1/README.md'
}
[Info  - 10:38:07 PM] [GLOBAL] No matching project for document {
  fsPath: '/home/maskura/python_django/home1_project/Hbaiust_1/README.md',
  normalPath: '/home/maskura/python_django/home1_project/Hbaiust_1/README.md'
}
[Info  - 10:38:07 PM] [GLOBAL] No matching project for document {
  fsPath: '/home/maskura/python_django/home1_project/Hbaiust_1/README.md',
  normalPath: '/home/maskura/python_django/home1_project/Hbaiust_1/README.md'
}
[Info  - 10:38:08 PM] [GLOBAL] No matching project for document {
  fsPath: '/home/maskura/python_django/home1_project/Hbaiust_1/README.md',
  normalPath: '/home/maskura/python_django/home1_project/Hbaiust_1/README.md'
}
[Info  - 10:38:08 PM] [GLOBAL] No matching project for document {
  fsPath: '/home/maskura/python_django/home1_project/Hbaiust_1/README.md',
  normalPath: '/home/maskura/python_django/home1_project/Hbaiust_1/README.md'
}
[Info  - 10:38:09 PM] [GLOBAL] No matching project for document {
  fsPath: '/home/maskura/python_django/home1_project/Hbaiust_1/README.md',
  normalPath: '/home/maskura/python_django/home1_project/Hbaiust_1/README.md'
}
[Info  - 10:38:09 PM] [GLOBAL] No matching project for document {
  fsPath: '/home/maskura/python_django/home1_project/Hbaiust_1/README.md',
  normalPath: '/home/maskura/python_django/home1_project/Hbaiust_1/README.md'
}
[Info  - 10:38:20 PM] [GLOBAL] No matching project for document {
  fsPath: '/home/maskura/python_django/home1_project/Hbaiust_1/README.md',
  normalPath: '/home/maskura/python_django/home1_project/Hbaiust_1/README.md'
}
[Info  - 10:38:20 PM] [GLOBAL] No matching project for document {
  fsPath: '/home/maskura/python_django/home1_project/Hbaiust_1/README.md',
  normalPath: '/home/maskura/python_django/home1_project/Hbaiust_1/README.md'
}
[Info  - 10:39:01 PM] [GLOBAL] No matching project for document {
  fsPath: '/home/maskura/python_django/home1_project/Hbaiust_1/README.md',
  normalPath: '/home/maskura/python_django/home1_project/Hbaiust_1/README.md'
}
[Info  - 10:39:01 PM] [GLOBAL] No matching project for document {
  fsPath: '/home/maskura/python_django/home1_project/Hbaiust_1/README.md',
  normalPath: '/home/maskura/python_django/home1_project/Hbaiust_1/README.md'
}
[Info  - 10:39:07 PM] [GLOBAL] No matching project for document {
  fsPath: '/home/maskura/python_django/home1_project/Hbaiust_1/README.md',
  normalPath: '/home/maskura/python_django/home1_project/Hbaiust_1/README.md'
}
[Info  - 10:39:07 PM] [GLOBAL] No matching project for document {
  fsPath: '/home/maskura/python_django/home1_project/Hbaiust_1/README.md',
  normalPath: '/home/maskura/python_django/home1_project/Hbaiust_1/README.md'
}
[Info  - 10:39:17 PM] [GLOBAL] No matching project for document {
  fsPath: '/home/maskura/python_django/home1_project/Hbaiust_1/README.md',
  normalPath: '/home/maskura/python_django/home1_project/Hbaiust_1/README.md'
}
[Info  - 10:39:17 PM] [GLOBAL] No matching project for document {
  fsPath: '/home/maskura/python_django/home1_project/Hbaiust_1/README.md',
  normalPath: '/home/maskura/python_django/home1_project/Hbaiust_1/README.md'
}
[Info  - 10:39:22 PM] [GLOBAL] No matching project for document {
  fsPath: '/home/maskura/python_django/home1_project/Hbaiust_1/README.md',
  normalPath: '/home/maskura/python_django/home1_project/Hbaiust_1/README.md'
}
[Info  - 10:39:22 PM] [GLOBAL] No matching project for document {
  fsPath: '/home/maskura/python_django/home1_project/Hbaiust_1/README.md',
  normalPath: '/home/maskura/python_django/home1_project/Hbaiust_1/README.md'
}
[Info  - 10:39:26 PM] [GLOBAL] No matching project for document {
  fsPath: '/home/maskura/python_django/home1_project/Hbaiust_1/README.md',
  normalPath: '/home/maskura/python_django/home1_project/Hbaiust_1/README.md'
}
[Info  - 10:39:26 PM] [GLOBAL] No matching project for document {
  fsPath: '/home/maskura/python_django/home1_project/Hbaiust_1/README.md',
  normalPath: '/home/maskura/python_django/home1_project/Hbaiust_1/README.md'
}
[Info  - 10:39:29 PM] [GLOBAL] No matching project for document {
  fsPath: '/home/maskura/python_django/home1_project/Hbaiust_1/README.md',
  normalPath: '/home/maskura/python_django/home1_project/Hbaiust_1/README.md'
}
[Info  - 10:39:30 PM] [GLOBAL] No matching project for document {
  fsPath: '/home/maskura/python_django/home1_project/Hbaiust_1/README.md',
  normalPath: '/home/maskura/python_django/home1_project/Hbaiust_1/README.md'
}
[Info  - 10:39:33 PM] [GLOBAL] No matching project for document {
  fsPath: '/home/maskura/python_django/home1_project/Hbaiust_1/README.md',
  normalPath: '/home/maskura/python_django/home1_project/Hbaiust_1/README.md'
}
[Info  - 10:39:34 PM] [GLOBAL] No matching project for document {
  fsPath: '/home/maskura/python_django/home1_project/Hbaiust_1/README.md',
  normalPath: '/home/maskura/python_django/home1_project/Hbaiust_1/README.md'
}
[Info  - 10:39:40 PM] [GLOBAL] No matching project for document {
  fsPath: '/home/maskura/python_django/home1_project/Hbaiust_1/README.md',
  normalPath: '/home/maskura/python_django/home1_project/Hbaiust_1/README.md'
}
[Info  - 10:39:40 PM] [GLOBAL] No matching project for document {
  fsPath: '/home/maskura/python_django/home1_project/Hbaiust_1/README.md',
  normalPath: '/home/maskura/python_django/home1_project/Hbaiust_1/README.md'
}
[Info  - 10:39:44 PM] [GLOBAL] No matching project for document {
  fsPath: '/home/maskura/python_django/home1_project/Hbaiust_1/README.md',
  normalPath: '/home/maskura/python_django/home1_project/Hbaiust_1/README.md'
}
[Info  - 10:39:44 PM] [GLOBAL] No matching project for document {
  fsPath: '/home/maskura/python_django/home1_project/Hbaiust_1/README.md',
  normalPath: '/home/maskura/python_django/home1_project/Hbaiust_1/README.md'
}
[Info  - 10:39:49 PM] [GLOBAL] No matching project for document {
  fsPath: '/home/maskura/python_django/home1_project/Hbaiust_1/README.md',
  normalPath: '/home/maskura/python_django/home1_project/Hbaiust_1/README.md'
}
[Info  - 10:39:49 PM] [GLOBAL] No matching project for document {
  fsPath: '/home/maskura/python_django/home1_project/Hbaiust_1/README.md',
  normalPath: '/home/maskura/python_django/home1_project/Hbaiust_1/README.md'
}
[Info  - 10:39:52 PM] [GLOBAL] No matching project for document {
  fsPath: '/home/maskura/python_django/home1_project/Hbaiust_1/README.md',
  normalPath: '/home/maskura/python_django/home1_project/Hbaiust_1/README.md'
}
[Info  - 10:39:52 PM] [GLOBAL] No matching project for document {
  fsPath: '/home/maskura/python_django/home1_project/Hbaiust_1/README.md',
  normalPath: '/home/maskura/python_django/home1_project/Hbaiust_1/README.md'
}
[Info  - 10:39:58 PM] [GLOBAL] No matching project for document {
  fsPath: '/home/maskura/python_django/home1_project/Hbaiust_1/README.md',
  normalPath: '/home/maskura/python_django/home1_project/Hbaiust_1/README.md'
}
[Info  - 10:39:58 PM] [GLOBAL] No matching project for document {
  fsPath: '/home/maskura/python_django/home1_project/Hbaiust_1/README.md',
  normalPath: '/home/maskura/python_django/home1_project/Hbaiust_1/README.md'
}
[Info  - 10:40:05 PM] [GLOBAL] No matching project for document {
  fsPath: '/home/maskura/python_django/home1_project/Hbaiust_1/README.md',
  normalPath: '/home/maskura/python_django/home1_project/Hbaiust_1/README.md'
}
[Info  - 10:40:05 PM] [GLOBAL] No matching project for document {
  fsPath: '/home/maskura/python_django/home1_project/Hbaiust_1/README.md',
  normalPath: '/home/maskura/python_django/home1_project/Hbaiust_1/README.md'
}
[Info  - 10:40:08 PM] [GLOBAL] No matching project for document {
  fsPath: '/home/maskura/python_django/home1_project/Hbaiust_1/README.md',
  normalPath: '/home/maskura/python_django/home1_project/Hbaiust_1/README.md'
}
[Info  - 10:40:09 PM] [GLOBAL] No matching project for document {
  fsPath: '/home/maskura/python_django/home1_project/Hbaiust_1/README.md',
  normalPath: '/home/maskura/python_django/home1_project/Hbaiust_1/README.md'
}
[Info  - 10:40:12 PM] [GLOBAL] No matching project for document {
  fsPath: '/home/maskura/python_django/home1_project/Hbaiust_1/README.md',
  normalPath: '/home/maskura/python_django/home1_project/Hbaiust_1/README.md'
}
[Info  - 10:40:14 PM] [GLOBAL] No matching project for document {
  fsPath: '/home/maskura/python_django/home1_project/Hbaiust_1/README.md',
  normalPath: '/home/maskura/python_django/home1_project/Hbaiust_1/README.md'
}
[Info  - 10:40:18 PM] [GLOBAL] No matching project for document {
  fsPath: '/home/maskura/python_django/home1_project/Hbaiust_1/README.md',
  normalPath: '/home/maskura/python_django/home1_project/Hbaiust_1/README.md'
}
[Info  - 10:40:18 PM] [GLOBAL] No matching project for document {
  fsPath: '/home/maskura/python_django/home1_project/Hbaiust_1/README.md',
  normalPath: '/home/maskura/python_django/home1_project/Hbaiust_1/README.md'
}
[Info  - 10:41:33 PM] [GLOBAL] No matching project for document {
  fsPath: '/home/maskura/python_django/home1_project/Hbaiust_1/README.md',
  normalPath: '/home/maskura/python_django/home1_project/Hbaiust_1/README.md'
}
[Info  - 10:41:33 PM] [GLOBAL] No matching project for document {
  fsPath: '/home/maskura/python_django/home1_project/Hbaiust_1/README.md',
  normalPath: '/home/maskura/python_django/home1_project/Hbaiust_1/README.md'
}
[Info  - 10:41:34 PM] [GLOBAL] No matching project for document {
  fsPath: '/home/maskura/python_django/home1_project/Hbaiust_1/README.md',
  normalPath: '/home/maskura/python_django/home1_project/Hbaiust_1/README.md'
}
[Info  - 10:41:36 PM] [GLOBAL] No matching project for document {
  fsPath: '/home/maskura/python_django/home1_project/Hbaiust_1/README.md',
  normalPath: '/home/maskura/python_django/home1_project/Hbaiust_1/README.md'
}
[Info  - 10:46:42 PM] [GLOBAL] No matching project for document {
  fsPath: '/home/maskura/python_django/home1_project/Hbaiust_1/README.md',
  normalPath: '/home/maskura/python_django/home1_project/Hbaiust_1/README.md'
}
[Info  - 10:46:43 PM] [GLOBAL] No matching project for document {
  fsPath: '/home/maskura/python_django/home1_project/Hbaiust_1/README.md',
  normalPath: '/home/maskura/python_django/home1_project/Hbaiust_1/README.md'
}
[Info  - 10:46:45 PM] [GLOBAL] No matching project for document {
  fsPath: '/home/maskura/python_django/home1_project/Hbaiust_1/README.md',
  normalPath: '/home/maskura/python_django/home1_project/Hbaiust_1/README.md'
}
[Info  - 10:46:46 PM] [GLOBAL] No matching project for document {
  fsPath: '/home/maskura/python_django/home1_project/Hbaiust_1/README.md',
  normalPath: '/home/maskura/python_django/home1_project/Hbaiust_1/README.md'
}
[Info  - 10:46:49 PM] [GLOBAL] No matching project for document {
  fsPath: '/home/maskura/python_django/home1_project/Hbaiust_1/README.md',
  normalPath: '/home/maskura/python_django/home1_project/Hbaiust_1/README.md'
}
[Info  - 10:46:49 PM] [GLOBAL] No matching project for document {
  fsPath: '/home/maskura/python_django/home1_project/Hbaiust_1/README.md',
  normalPath: '/home/maskura/python_django/home1_project/Hbaiust_1/README.md'
}
[Info  - 10:46:52 PM] [GLOBAL] No matching project for document {
  fsPath: '/home/maskura/python_django/home1_project/Hbaiust_1/README.md',
  normalPath: '/home/maskura/python_django/home1_project/Hbaiust_1/README.md'
}
[Info  - 10:46:52 PM] [GLOBAL] No matching project for document {
  fsPath: '/home/maskura/python_django/home1_project/Hbaiust_1/README.md',
  normalPath: '/home/maskura/python_django/home1_project/Hbaiust_1/README.md'
}
[Info  - 10:46:59 PM] [GLOBAL] No matching project for document {
  fsPath: '/home/maskura/python_django/home1_project/Hbaiust_1/README.md',
  normalPath: '/home/maskura/python_django/home1_project/Hbaiust_1/README.md'
}
[Info  - 10:47:00 PM] [GLOBAL] No matching project for document {
  fsPath: '/home/maskura/python_django/home1_project/Hbaiust_1/README.md',
  normalPath: '/home/maskura/python_django/home1_project/Hbaiust_1/README.md'
}
[Info  - 10:47:04 PM] [GLOBAL] No matching project for document {
  fsPath: '/home/maskura/python_django/home1_project/Hbaiust_1/README.md',
  normalPath: '/home/maskura/python_django/home1_project/Hbaiust_1/README.md'
}
[Info  - 10:47:04 PM] [GLOBAL] No matching project for document {
  fsPath: '/home/maskura/python_django/home1_project/Hbaiust_1/README.md',
  normalPath: '/home/maskura/python_django/home1_project/Hbaiust_1/README.md'
}
[Info  - 10:47:07 PM] [GLOBAL] No matching project for document {
  fsPath: '/home/maskura/python_django/home1_project/Hbaiust_1/README.md',
  normalPath: '/home/maskura/python_django/home1_project/Hbaiust_1/README.md'
}
[Info  - 10:47:07 PM] [GLOBAL] No matching project for document {
  fsPath: '/home/maskura/python_django/home1_project/Hbaiust_1/README.md',
  normalPath: '/home/maskura/python_django/home1_project/Hbaiust_1/README.md'
}
[Info  - 10:47:10 PM] [GLOBAL] No matching project for document {
  fsPath: '/home/maskura/python_django/home1_project/Hbaiust_1/README.md',
  normalPath: '/home/maskura/python_django/home1_project/Hbaiust_1/README.md'
}
[Info  - 10:47:10 PM] [GLOBAL] No matching project for document {
  fsPath: '/home/maskura/python_django/home1_project/Hbaiust_1/README.md',
  normalPath: '/home/maskura/python_django/home1_project/Hbaiust_1/README.md'
}
[Info  - 10:47:11 PM] [GLOBAL] No matching project for document {
  fsPath: '/home/maskura/python_django/home1_project/Hbaiust_1/README.md',
  normalPath: '/home/maskura/python_django/home1_project/Hbaiust_1/README.md'
}
[Info  - 10:47:12 PM] [GLOBAL] No matching project for document {
  fsPath: '/home/maskura/python_django/home1_project/Hbaiust_1/README.md',
  normalPath: '/home/maskura/python_django/home1_project/Hbaiust_1/README.md'
}
[Info  - 10:51:34 PM] [GLOBAL] No matching project for document {
  fsPath: '/home/maskura/python_django/home1_project/Hbaiust_1/README.md',
  normalPath: '/home/maskura/python_django/home1_project/Hbaiust_1/README.md'
}
[Info  - 10:51:34 PM] [GLOBAL] No matching project for document {
  fsPath: '/home/maskura/python_django/home1_project/Hbaiust_1/README.md',
  normalPath: '/home/maskura/python_django/home1_project/Hbaiust_1/README.md'
}
[Info  - 10:51:37 PM] [GLOBAL] No matching project for document {
  fsPath: '/home/maskura/python_django/home1_project/Hbaiust_1/README.md',
  normalPath: '/home/maskura/python_django/home1_project/Hbaiust_1/README.md'
}
[Info  - 10:51:37 PM] [GLOBAL] No matching project for document {
  fsPath: '/home/maskura/python_django/home1_project/Hbaiust_1/README.md',
  normalPath: '/home/maskura/python_django/home1_project/Hbaiust_1/README.md'
}
[Info  - 10:51:41 PM] [GLOBAL] No matching project for document {
  fsPath: '/home/maskura/python_django/home1_project/Hbaiust_1/README.md',
  normalPath: '/home/maskura/python_django/home1_project/Hbaiust_1/README.md'
}
[Info  - 10:51:41 PM] [GLOBAL] No matching project for document {
  fsPath: '/home/maskura/python_django/home1_project/Hbaiust_1/README.md',
  normalPath: '/home/maskura/python_django/home1_project/Hbaiust_1/README.md'
}
[Info  - 10:51:44 PM] [GLOBAL] No matching project for document {
  fsPath: '/home/maskura/python_django/home1_project/Hbaiust_1/README.md',
  normalPath: '/home/maskura/python_django/home1_project/Hbaiust_1/README.md'
}
[Info  - 10:51:44 PM] [GLOBAL] No matching project for document {
  fsPath: '/home/maskura/python_django/home1_project/Hbaiust_1/README.md',
  normalPath: '/home/maskura/python_django/home1_project/Hbaiust_1/README.md'
}
[Info  - 10:51:44 PM] [GLOBAL] No matching project for document {
  fsPath: '/home/maskura/python_django/home1_project/Hbaiust_1/README.md',
  normalPath: '/home/maskura/python_django/home1_project/Hbaiust_1/README.md'
}
[Info  - 10:51:48 PM] [GLOBAL] No matching project for document {
  fsPath: '/home/maskura/python_django/home1_project/Hbaiust_1/README.md',
  normalPath: '/home/maskura/python_django/home1_project/Hbaiust_1/README.md'
}
[Info  - 10:51:48 PM] [GLOBAL] No matching project for document {
  fsPath: '/home/maskura/python_django/home1_project/Hbaiust_1/README.md',
  normalPath: '/home/maskura/python_django/home1_project/Hbaiust_1/README.md'
}
[Info  - 10:51:52 PM] [GLOBAL] No matching project for document {
  fsPath: '/home/maskura/python_django/home1_project/Hbaiust_1/README.md',
  normalPath: '/home/maskura/python_django/home1_project/Hbaiust_1/README.md'
}
[Info  - 10:51:52 PM] [GLOBAL] No matching project for document {
  fsPath: '/home/maskura/python_django/home1_project/Hbaiust_1/README.md',
  normalPath: '/home/maskura/python_django/home1_project/Hbaiust_1/README.md'
}
[Info  - 10:51:59 PM] [GLOBAL] No matching project for document {
  fsPath: '/home/maskura/python_django/home1_project/Hbaiust_1/README.md',
  normalPath: '/home/maskura/python_django/home1_project/Hbaiust_1/README.md'
}
[Info  - 10:51:59 PM] [GLOBAL] No matching project for document {
  fsPath: '/home/maskura/python_django/home1_project/Hbaiust_1/README.md',
  normalPath: '/home/maskura/python_django/home1_project/Hbaiust_1/README.md'
}
[Info  - 10:52:03 PM] [GLOBAL] No matching project for document {
  fsPath: '/home/maskura/python_django/home1_project/Hbaiust_1/README.md',
  normalPath: '/home/maskura/python_django/home1_project/Hbaiust_1/README.md'
}
[Info  - 10:52:03 PM] [GLOBAL] No matching project for document {
  fsPath: '/home/maskura/python_django/home1_project/Hbaiust_1/README.md',
  normalPath: '/home/maskura/python_django/home1_project/Hbaiust_1/README.md'
}
[Info  - 10:52:06 PM] [GLOBAL] No matching project for document {
  fsPath: '/home/maskura/python_django/home1_project/Hbaiust_1/README.md',
  normalPath: '/home/maskura/python_django/home1_project/Hbaiust_1/README.md'
}
[Info  - 10:52:06 PM] [GLOBAL] No matching project for document {
  fsPath: '/home/maskura/python_django/home1_project/Hbaiust_1/README.md',
  normalPath: '/home/maskura/python_django/home1_project/Hbaiust_1/README.md'
}
[Info  - 10:52:10 PM] [GLOBAL] No matching project for document {
  fsPath: '/home/maskura/python_django/home1_project/Hbaiust_1/README.md',
  normalPath: '/home/maskura/python_django/home1_project/Hbaiust_1/README.md'
}
[Info  - 10:52:10 PM] [GLOBAL] No matching project for document {
  fsPath: '/home/maskura/python_django/home1_project/Hbaiust_1/README.md',
  normalPath: '/home/maskura/python_django/home1_project/Hbaiust_1/README.md'
}
[Info  - 10:52:11 PM] [GLOBAL] No matching project for document {
  fsPath: '/home/maskura/python_django/home1_project/Hbaiust_1/README.md',
  normalPath: '/home/maskura/python_django/home1_project/Hbaiust_1/README.md'
}
[Info  - 10:52:13 PM] [GLOBAL] No matching project for document {
  fsPath: '/home/maskura/python_django/home1_project/Hbaiust_1/README.md',
  normalPath: '/home/maskura/python_django/home1_project/Hbaiust_1/README.md'
}
[Info  - 10:52:15 PM] [GLOBAL] No matching project for document {
  fsPath: '/home/maskura/python_django/home1_project/Hbaiust_1/README.md',
  normalPath: '/home/maskura/python_django/home1_project/Hbaiust_1/README.md'
}
[Info  - 10:52:16 PM] [GLOBAL] No matching project for document {
  fsPath: '/home/maskura/python_django/home1_project/Hbaiust_1/README.md',
  normalPath: '/home/maskura/python_django/home1_project/Hbaiust_1/README.md'
}
[Info  - 10:52:19 PM] [GLOBAL] No matching project for document {
  fsPath: '/home/maskura/python_django/home1_project/Hbaiust_1/README.md',
  normalPath: '/home/maskura/python_django/home1_project/Hbaiust_1/README.md'
}
[Info  - 10:52:19 PM] [GLOBAL] No matching project for document {
  fsPath: '/home/maskura/python_django/home1_project/Hbaiust_1/README.md',
  normalPath: '/home/maskura/python_django/home1_project/Hbaiust_1/README.md'
}
[Info  - 10:52:21 PM] [GLOBAL] No matching project for document {
  fsPath: '/home/maskura/python_django/home1_project/Hbaiust_1/README.md',
  normalPath: '/home/maskura/python_django/home1_project/Hbaiust_1/README.md'
}
[Info  - 10:52:22 PM] [GLOBAL] No matching project for document {
  fsPath: '/home/maskura/python_django/home1_project/Hbaiust_1/README.md',
  normalPath: '/home/maskura/python_django/home1_project/Hbaiust_1/README.md'
}
[Info  - 10:52:25 PM] [GLOBAL] No matching project for document {
  fsPath: '/home/maskura/python_django/home1_project/Hbaiust_1/README.md',
  normalPath: '/home/maskura/python_django/home1_project/Hbaiust_1/README.md'
}
[Info  - 10:52:25 PM] [GLOBAL] No matching project for document {
  fsPath: '/home/maskura/python_django/home1_project/Hbaiust_1/README.md',
  normalPath: '/home/maskura/python_django/home1_project/Hbaiust_1/README.md'
}
[Info  - 10:52:28 PM] [GLOBAL] No matching project for document {
  fsPath: '/home/maskura/python_django/home1_project/Hbaiust_1/README.md',
  normalPath: '/home/maskura/python_django/home1_project/Hbaiust_1/README.md'
}
[Info  - 10:52:29 PM] [GLOBAL] No matching project for document {
  fsPath: '/home/maskura/python_django/home1_project/Hbaiust_1/README.md',
  normalPath: '/home/maskura/python_django/home1_project/Hbaiust_1/README.md'
}
[Info  - 10:52:33 PM] [GLOBAL] No matching project for document {
  fsPath: '/home/maskura/python_django/home1_project/Hbaiust_1/README.md',
  normalPath: '/home/maskura/python_django/home1_project/Hbaiust_1/README.md'
}
[Info  - 10:52:33 PM] [GLOBAL] No matching project for document {
  fsPath: '/home/maskura/python_django/home1_project/Hbaiust_1/README.md',
  normalPath: '/home/maskura/python_django/home1_project/Hbaiust_1/README.md'
}
[Info  - 10:53:38 PM] [GLOBAL] No matching project for document {
  fsPath: '/home/maskura/python_django/home1_project/Hbaiust_1/README.md',
  normalPath: '/home/maskura/python_django/home1_project/Hbaiust_1/README.md'
}
[Info  - 10:53:39 PM] [GLOBAL] No matching project for document {
  fsPath: '/home/maskura/python_django/home1_project/Hbaiust_1/README.md',
  normalPath: '/home/maskura/python_django/home1_project/Hbaiust_1/README.md'
}
[Info  - 10:53:39 PM] [GLOBAL] No matching project for document {
  fsPath: '/home/maskura/python_django/home1_project/Hbaiust_1/README.md',
  normalPath: '/home/maskura/python_django/home1_project/Hbaiust_1/README.md'
}
[Info  - 10:53:39 PM] [GLOBAL] No matching project for document {
  fsPath: '/home/maskura/python_django/home1_project/Hbaiust_1/README.md',
  normalPath: '/home/maskura/python_django/home1_project/Hbaiust_1/README.md'
}
[Info  - 10:53:40 PM] [GLOBAL] No matching project for document {
  fsPath: '/home/maskura/python_django/home1_project/Hbaiust_1/README.md',
  normalPath: '/home/maskura/python_django/home1_project/Hbaiust_1/README.md'
}
[Info  - 10:53:40 PM] [GLOBAL] No matching project for document {
  fsPath: '/home/maskura/python_django/home1_project/Hbaiust_1/README.md',
  normalPath: '/home/maskura/python_django/home1_project/Hbaiust_1/README.md'
}
[Info  - 10:53:40 PM] [GLOBAL] No matching project for document {
  fsPath: '/home/maskura/python_django/home1_project/Hbaiust_1/README.md',
  normalPath: '/home/maskura/python_django/home1_project/Hbaiust_1/README.md'
}
[Info  - 10:53:40 PM] [GLOBAL] No matching project for document {
  fsPath: '/home/maskura/python_django/home1_project/Hbaiust_1/README.md',
  normalPath: '/home/maskura/python_django/home1_project/Hbaiust_1/README.md'
}
[Info  - 10:53:41 PM] [GLOBAL] No matching project for document {
  fsPath: '/home/maskura/python_django/home1_project/Hbaiust_1/README.md',
  normalPath: '/home/maskura/python_django/home1_project/Hbaiust_1/README.md'
}
[Info  - 10:53:41 PM] [GLOBAL] No matching project for document {
  fsPath: '/home/maskura/python_django/home1_project/Hbaiust_1/README.md',
  normalPath: '/home/maskura/python_django/home1_project/Hbaiust_1/README.md'
}
[Info  - 10:53:41 PM] [GLOBAL] No matching project for document {
  fsPath: '/home/maskura/python_django/home1_project/Hbaiust_1/README.md',
  normalPath: '/home/maskura/python_django/home1_project/Hbaiust_1/README.md'
}
[Info  - 10:53:41 PM] [GLOBAL] No matching project for document {
  fsPath: '/home/maskura/python_django/home1_project/Hbaiust_1/README.md',
  normalPath: '/home/maskura/python_django/home1_project/Hbaiust_1/README.md'
}
[Info  - 10:53:42 PM] [GLOBAL] No matching project for document {
  fsPath: '/home/maskura/python_django/home1_project/Hbaiust_1/README.md',
  normalPath: '/home/maskura/python_django/home1_project/Hbaiust_1/README.md'
}
[Info  - 10:53:42 PM] [GLOBAL] No matching project for document {
  fsPath: '/home/maskura/python_django/home1_project/Hbaiust_1/README.md',
  normalPath: '/home/maskura/python_django/home1_project/Hbaiust_1/README.md'
}
[Info  - 10:53:42 PM] [GLOBAL] No matching project for document {
  fsPath: '/home/maskura/python_django/home1_project/Hbaiust_1/README.md',
  normalPath: '/home/maskura/python_django/home1_project/Hbaiust_1/README.md'
}
[Info  - 10:53:43 PM] [GLOBAL] No matching project for document {
  fsPath: '/home/maskura/python_django/home1_project/Hbaiust_1/README.md',
  normalPath: '/home/maskura/python_django/home1_project/Hbaiust_1/README.md'
}
[Info  - 10:53:46 PM] [GLOBAL] No matching project for document {
  fsPath: '/home/maskura/python_django/home1_project/Hbaiust_1/README.md',
  normalPath: '/home/maskura/python_django/home1_project/Hbaiust_1/README.md'
}
[Info  - 10:53:47 PM] [GLOBAL] No matching project for document {
  fsPath: '/home/maskura/python_django/home1_project/Hbaiust_1/README.md',
  normalPath: '/home/maskura/python_django/home1_project/Hbaiust_1/README.md'
}
[Info  - 10:53:48 PM] [GLOBAL] No matching project for document {
  fsPath: '/home/maskura/python_django/home1_project/Hbaiust_1/README.md',
  normalPath: '/home/maskura/python_django/home1_project/Hbaiust_1/README.md'
}
[Info  - 10:53:50 PM] [GLOBAL] No matching project for document {
  fsPath: '/home/maskura/python_django/home1_project/Hbaiust_1/README.md',
  normalPath: '/home/maskura/python_django/home1_project/Hbaiust_1/README.md'
}
[Info  - 10:53:51 PM] [GLOBAL] No matching project for document {
  fsPath: '/home/maskura/python_django/home1_project/Hbaiust_1/README.md',
  normalPath: '/home/maskura/python_django/home1_project/Hbaiust_1/README.md'
}
[Info  - 10:53:53 PM] [GLOBAL] No matching project for document {
  fsPath: '/home/maskura/python_django/home1_project/Hbaiust_1/README.md',
  normalPath: '/home/maskura/python_django/home1_project/Hbaiust_1/README.md'
}
[Info  - 10:53:54 PM] [GLOBAL] No matching project for document {
  fsPath: '/home/maskura/python_django/home1_project/Hbaiust_1/README.md',
  normalPath: '/home/maskura/python_django/home1_project/Hbaiust_1/README.md'
}
[Info  - 10:53:56 PM] [GLOBAL] No matching project for document {
  fsPath: '/home/maskura/python_django/home1_project/Hbaiust_1/README.md',
  normalPath: '/home/maskura/python_django/home1_project/Hbaiust_1/README.md'
}
