2024-10-26 22:19:49.346 [info] Experiment 'pythonRecommendTensorboardExt' is active
2024-10-26 22:19:49.347 [info] Experiment 'pythonSurveyNotificationcf' is active
2024-10-26 22:19:49.347 [info] Experiment 'pythonTerminalEnvVarActivation' is active
2024-10-26 22:19:49.347 [info] Experiment 'pythonTestAdapter' is active
2024-10-26 22:19:49.391 [warning] Dir "/home/maskura/python_django/home1_project/Hbaiust_1/.pixi/envs" is not watchable (directory does not exist)
2024-10-26 22:19:49.800 [info] Default formatter is set to null for workspace /home/maskura/python_django/home1_project/Hbaiust_1
2024-10-26 22:19:49.830 [info] Starting Environment refresh
2024-10-26 22:19:49.830 [info] Searching for interpreters in posix paths locator
2024-10-26 22:19:49.843 [info] Searching for pyenv environments
2024-10-26 22:19:49.843 [info] Searching for conda environments
2024-10-26 22:19:49.844 [info] Searching for global virtual environments
2024-10-26 22:19:49.844 [info] Searching for custom virtual environments
2024-10-26 22:19:49.921 [info] VS Code was launched from an activated environment: 'myenv', selecting it as the interpreter for workspace.
2024-10-26 22:19:49.937 [info] pyenv is not installed
2024-10-26 22:19:49.937 [info] Finished searching for pyenv environments: 103 milliseconds
2024-10-26 22:19:49.938 [info] Finished searching for custom virtual envs: 101 milliseconds
2024-10-26 22:19:49.952 [info] > conda info --json
2024-10-26 22:19:49.965 [info] > pixi --version
2024-10-26 22:19:49.973 [info] > hatch env show --json
2024-10-26 22:19:49.973 [info] cwd: .
2024-10-26 22:19:50.060 [info] > pyenv which python
2024-10-26 22:19:50.060 [info] cwd: .
2024-10-26 22:19:50.061 [info] Finished searching for global virtual envs: 225 milliseconds
2024-10-26 22:19:50.130 [info] Found: /bin/python3 --> /bin/python3.12
2024-10-26 22:19:50.135 [info] Found: /bin/python3.12 --> /bin/python3.12
2024-10-26 22:19:50.262 [info] Found: /usr/bin/python3 --> /usr/bin/python3.12
2024-10-26 22:19:50.265 [info] Found: /usr/bin/python3.12 --> /usr/bin/python3.12
2024-10-26 22:19:50.454 [info] > ~/python_django/home1_project/myenv/bin/python -I ~/.vscode/extensions/ms-python.python-2024.14.0-linux-x64/python_files/get_output_via_markers.py ~/.vscode/extensions/ms-python.python-2024.14.0-linux-x64/python_files/interpreterInfo.py
2024-10-26 22:19:50.511 [info] Found: /home/maskura/python_django/home1_project/myenv/bin/python --> /usr/bin/python3.12
2024-10-26 22:19:50.518 [info] Found: /home/maskura/python_django/home1_project/myenv/bin/python3 --> /usr/bin/python3.12
2024-10-26 22:19:50.522 [info] Found: /home/maskura/python_django/home1_project/myenv/bin/python3.12 --> /usr/bin/python3.12
2024-10-26 22:19:50.574 [info] Finished searching for interpreters in posix paths locator: 730 milliseconds
2024-10-26 22:19:50.574 [info] > /bin/python3 -I ~/.vscode/extensions/ms-python.python-2024.14.0-linux-x64/python_files/get_output_via_markers.py ~/.vscode/extensions/ms-python.python-2024.14.0-linux-x64/python_files/interpreterInfo.py
2024-10-26 22:19:50.612 [info] Python interpreter path: ~/python_django/home1_project/myenv/bin/python
2024-10-26 22:19:50.626 [info] > /usr/bin/python3 -I ~/.vscode/extensions/ms-python.python-2024.14.0-linux-x64/python_files/get_output_via_markers.py ~/.vscode/extensions/ms-python.python-2024.14.0-linux-x64/python_files/interpreterInfo.py
2024-10-26 22:19:50.626 [info] Environments refresh paths discovered (event): 802 milliseconds
2024-10-26 22:19:50.626 [info] Environments refresh paths discovered: 802 milliseconds
2024-10-26 22:19:50.765 [info] Environments refresh finished (event): 941 milliseconds
2024-10-26 22:19:50.792 [info] Environment refresh took 968 milliseconds
2024-10-26 22:19:50.797 [error] Failed to get conda envs from environments.txt [TypeError: e.splitLines is not a function
	at /home/maskura/.vscode/extensions/ms-python.python-2024.14.0-linux-x64/out/client/extension.js:2:604954
	at async /home/maskura/.vscode/extensions/ms-python.python-2024.14.0-linux-x64/out/client/extension.js:2:604904
	at async Promise.all (index 2)
	at async /home/maskura/.vscode/extensions/ms-python.python-2024.14.0-linux-x64/out/client/extension.js:2:604625
	at async x.sendTelemetryImpl (/home/maskura/.vscode/extensions/ms-python.python-2024.14.0-linux-x64/out/client/extension.js:2:604016)]
2024-10-26 22:19:51.098 [info] Shell integration status changed, can confirm it's working.
2024-10-26 22:19:51.100 [warning] could not find a pixi interpreter for the interpreter at /bin/python3
2024-10-26 22:19:52.129 [warning] could not find a pixi interpreter for the interpreter at /bin/python3
2024-10-26 22:19:52.226 [error] [
  'Failed to start language server, Class name = h, completed in 1179ms, has a falsy return value, Arg 1: <Uri:/home/maskura/python_django/home1_project/Hbaiust_1>, Arg 2: {"id":"/bin/python3","sysPrefix":"/usr","envType":"Global","envName":"","envPath":"","path":"/bin/python3","architecture":3,"sysVersion":"3.12.3 (main, Sep 11 2024, 14:17:37) [GCC 13.2.0]","version":{"raw":"3.12.3","major":3,"minor":12,"patch":3,"build":[],"prerelease":["final","0"]},"displayName":"Python 3.12.3 64-bit","detailedDisplayName":"Python 3.12.3 64-bit"}, Arg 3: {"documentSelector":[{"scheme":"file","language":"python"},{"scheme":"untitled","language":"python"},{"scheme":"vscode-notebook","language":"python"},{"scheme":"vscode-notebook-cell","language":"python"},{"scheme":"vscode-interactive-input","language":"python"}],"synchronize":{"configurationSection":["python","jupyter.runStartupCommands"]},"outputChannel":{"name":"Python Language Server","logLevel":3},"revealOutputChannelOn":4,"initializationOptions":{"experimentationSupport":true,"trustedWorkspaceSupport":true},"middleware":{"serviceContainer":{"container":{"options":{"autoBindInjectable":false,"defaultScope":"Transient","skipBaseClassChecks":true},"id":0,"_bindingDictionary":{"_map":{}},"_snapshots":[],"_middleware":null,"_activations":{"_map":{}},"_deactivations":{"_map":{}},"parent":null,"_metadataReader":{},"_moduleActivationStore":{"_map":{}}}},"serverVersion":"2024.8.2","lastCaptured":{},"nextWindow":0,"eventCount":0,"workspace":{},"connectedPromise":{"scope":null,"_resolved":false,"_rejected":false,"_promise":{}},"notebooks":{},"eventName":"LANGUAGE_SERVER.REQUEST"}}, Return Value: undefined',
  [Error: The language client requires VS Code version ^1.91.0 but received version 1.89.1
  	at P.checkVersion (/home/maskura/.vscode/extensions/ms-python.python-2024.14.0-linux-x64/out/client/extension.js:2:2307252)
  	at new P (/home/maskura/.vscode/extensions/ms-python.python-2024.14.0-linux-x64/out/client/extension.js:2:2306957)
  	at Object.createClient (/home/maskura/.vscode/extensions/ms-python.python-2024.14.0-linux-x64/out/client/extension.js:2:52239)
  	at _0x500d80 (/home/maskura/.vscode/extensions/ms-python.vscode-pylance-2024.8.2/dist/extension.bundle.js:1:214371)
  	at process.processTicksAndRejections (node:internal/process/task_queues:95:5)
  	at async _0x5446db (/home/maskura/.vscode/extensions/ms-python.vscode-pylance-2024.8.2/dist/extension.bundle.js:1:218069)
  	at async _0x1d21da._startClient (/home/maskura/.vscode/extensions/ms-python.vscode-pylance-2024.8.2/dist/extension.bundle.js:1:167360)
  	at async _0x1d21da._createNewRequest (/home/maskura/.vscode/extensions/ms-python.vscode-pylance-2024.8.2/dist/extension.bundle.js:1:166885)
  	at async _0x1d21da._enqueueRequestAndWaitForRun (/home/maskura/.vscode/extensions/ms-python.vscode-pylance-2024.8.2/dist/extension.bundle.js:1:166089)
  	at async _0x1d21da.startClient (/home/maskura/.vscode/extensions/ms-python.vscode-pylance-2024.8.2/dist/extension.bundle.js:1:165605)
  	at async h.start (/home/maskura/.vscode/extensions/ms-python.python-2024.14.0-linux-x64/out/client/extension.js:2:39659)]
]
2024-10-26 22:19:52.229 [error] [
  'Starting language server, Class name = d, completed in 1182ms, has a falsy return value, , Return Value: undefined',
  [Error: The language client requires VS Code version ^1.91.0 but received version 1.89.1
  	at P.checkVersion (/home/maskura/.vscode/extensions/ms-python.python-2024.14.0-linux-x64/out/client/extension.js:2:2307252)
  	at new P (/home/maskura/.vscode/extensions/ms-python.python-2024.14.0-linux-x64/out/client/extension.js:2:2306957)
  	at Object.createClient (/home/maskura/.vscode/extensions/ms-python.python-2024.14.0-linux-x64/out/client/extension.js:2:52239)
  	at _0x500d80 (/home/maskura/.vscode/extensions/ms-python.vscode-pylance-2024.8.2/dist/extension.bundle.js:1:214371)
  	at process.processTicksAndRejections (node:internal/process/task_queues:95:5)
  	at async _0x5446db (/home/maskura/.vscode/extensions/ms-python.vscode-pylance-2024.8.2/dist/extension.bundle.js:1:218069)
  	at async _0x1d21da._startClient (/home/maskura/.vscode/extensions/ms-python.vscode-pylance-2024.8.2/dist/extension.bundle.js:1:167360)
  	at async _0x1d21da._createNewRequest (/home/maskura/.vscode/extensions/ms-python.vscode-pylance-2024.8.2/dist/extension.bundle.js:1:166885)
  	at async _0x1d21da._enqueueRequestAndWaitForRun (/home/maskura/.vscode/extensions/ms-python.vscode-pylance-2024.8.2/dist/extension.bundle.js:1:166089)
  	at async _0x1d21da.startClient (/home/maskura/.vscode/extensions/ms-python.vscode-pylance-2024.8.2/dist/extension.bundle.js:1:165605)
  	at async h.start (/home/maskura/.vscode/extensions/ms-python.python-2024.14.0-linux-x64/out/client/extension.js:2:39659)]
]
2024-10-26 22:19:52.230 [error] [
  'Failed to start language server, Class name = d, completed in 1187ms, has a falsy return value, Arg 1: <Uri:/home/maskura/python_django/home1_project/Hbaiust_1>, Arg 2: {"id":"/bin/python3","sysPrefix":"/usr","envType":"Global","envName":"","envPath":"","path":"/bin/python3","architecture":3,"sysVersion":"3.12.3 (main, Sep 11 2024, 14:17:37) [GCC 13.2.0]","version":{"raw":"3.12.3","major":3,"minor":12,"patch":3,"build":[],"prerelease":["final","0"]},"displayName":"Python 3.12.3 64-bit","detailedDisplayName":"Python 3.12.3 64-bit"}, Return Value: undefined',
  [Error: The language client requires VS Code version ^1.91.0 but received version 1.89.1
  	at P.checkVersion (/home/maskura/.vscode/extensions/ms-python.python-2024.14.0-linux-x64/out/client/extension.js:2:2307252)
  	at new P (/home/maskura/.vscode/extensions/ms-python.python-2024.14.0-linux-x64/out/client/extension.js:2:2306957)
  	at Object.createClient (/home/maskura/.vscode/extensions/ms-python.python-2024.14.0-linux-x64/out/client/extension.js:2:52239)
  	at _0x500d80 (/home/maskura/.vscode/extensions/ms-python.vscode-pylance-2024.8.2/dist/extension.bundle.js:1:214371)
  	at process.processTicksAndRejections (node:internal/process/task_queues:95:5)
  	at async _0x5446db (/home/maskura/.vscode/extensions/ms-python.vscode-pylance-2024.8.2/dist/extension.bundle.js:1:218069)
  	at async _0x1d21da._startClient (/home/maskura/.vscode/extensions/ms-python.vscode-pylance-2024.8.2/dist/extension.bundle.js:1:167360)
  	at async _0x1d21da._createNewRequest (/home/maskura/.vscode/extensions/ms-python.vscode-pylance-2024.8.2/dist/extension.bundle.js:1:166885)
  	at async _0x1d21da._enqueueRequestAndWaitForRun (/home/maskura/.vscode/extensions/ms-python.vscode-pylance-2024.8.2/dist/extension.bundle.js:1:166089)
  	at async _0x1d21da.startClient (/home/maskura/.vscode/extensions/ms-python.vscode-pylance-2024.8.2/dist/extension.bundle.js:1:165605)
  	at async h.start (/home/maskura/.vscode/extensions/ms-python.python-2024.14.0-linux-x64/out/client/extension.js:2:39659)]
]
2024-10-26 22:19:52.231 [error] [
  'Failed to activate a workspace, Class name = v, completed in 2410ms, has a falsy return value, Arg 1: <Uri:/home/maskura/python_django/home1_project/Hbaiust_1>, Arg 2: {"started":1729959588657}, Return Value: undefined',
  [Error: The language client requires VS Code version ^1.91.0 but received version 1.89.1
  	at P.checkVersion (/home/maskura/.vscode/extensions/ms-python.python-2024.14.0-linux-x64/out/client/extension.js:2:2307252)
  	at new P (/home/maskura/.vscode/extensions/ms-python.python-2024.14.0-linux-x64/out/client/extension.js:2:2306957)
  	at Object.createClient (/home/maskura/.vscode/extensions/ms-python.python-2024.14.0-linux-x64/out/client/extension.js:2:52239)
  	at _0x500d80 (/home/maskura/.vscode/extensions/ms-python.vscode-pylance-2024.8.2/dist/extension.bundle.js:1:214371)
  	at process.processTicksAndRejections (node:internal/process/task_queues:95:5)
  	at async _0x5446db (/home/maskura/.vscode/extensions/ms-python.vscode-pylance-2024.8.2/dist/extension.bundle.js:1:218069)
  	at async _0x1d21da._startClient (/home/maskura/.vscode/extensions/ms-python.vscode-pylance-2024.8.2/dist/extension.bundle.js:1:167360)
  	at async _0x1d21da._createNewRequest (/home/maskura/.vscode/extensions/ms-python.vscode-pylance-2024.8.2/dist/extension.bundle.js:1:166885)
  	at async _0x1d21da._enqueueRequestAndWaitForRun (/home/maskura/.vscode/extensions/ms-python.vscode-pylance-2024.8.2/dist/extension.bundle.js:1:166089)
  	at async _0x1d21da.startClient (/home/maskura/.vscode/extensions/ms-python.vscode-pylance-2024.8.2/dist/extension.bundle.js:1:165605)
  	at async h.start (/home/maskura/.vscode/extensions/ms-python.python-2024.14.0-linux-x64/out/client/extension.js:2:39659)]
]
2024-10-26 22:19:52.231 [error] Failure during activation. [Error: The language client requires VS Code version ^1.91.0 but received version 1.89.1
	at P.checkVersion (/home/maskura/.vscode/extensions/ms-python.python-2024.14.0-linux-x64/out/client/extension.js:2:2307252)
	at new P (/home/maskura/.vscode/extensions/ms-python.python-2024.14.0-linux-x64/out/client/extension.js:2:2306957)
	at Object.createClient (/home/maskura/.vscode/extensions/ms-python.python-2024.14.0-linux-x64/out/client/extension.js:2:52239)
	at _0x500d80 (/home/maskura/.vscode/extensions/ms-python.vscode-pylance-2024.8.2/dist/extension.bundle.js:1:214371)
	at process.processTicksAndRejections (node:internal/process/task_queues:95:5)
	at async _0x5446db (/home/maskura/.vscode/extensions/ms-python.vscode-pylance-2024.8.2/dist/extension.bundle.js:1:218069)
	at async _0x1d21da._startClient (/home/maskura/.vscode/extensions/ms-python.vscode-pylance-2024.8.2/dist/extension.bundle.js:1:167360)
	at async _0x1d21da._createNewRequest (/home/maskura/.vscode/extensions/ms-python.vscode-pylance-2024.8.2/dist/extension.bundle.js:1:166885)
	at async _0x1d21da._enqueueRequestAndWaitForRun (/home/maskura/.vscode/extensions/ms-python.vscode-pylance-2024.8.2/dist/extension.bundle.js:1:166089)
	at async _0x1d21da.startClient (/home/maskura/.vscode/extensions/ms-python.vscode-pylance-2024.8.2/dist/extension.bundle.js:1:165605)
	at async h.start (/home/maskura/.vscode/extensions/ms-python.python-2024.14.0-linux-x64/out/client/extension.js:2:39659)]
2024-10-26 22:19:52.231 [error] sendStartupTelemetry() failed. [Error: The language client requires VS Code version ^1.91.0 but received version 1.89.1
	at P.checkVersion (/home/maskura/.vscode/extensions/ms-python.python-2024.14.0-linux-x64/out/client/extension.js:2:2307252)
	at new P (/home/maskura/.vscode/extensions/ms-python.python-2024.14.0-linux-x64/out/client/extension.js:2:2306957)
	at Object.createClient (/home/maskura/.vscode/extensions/ms-python.python-2024.14.0-linux-x64/out/client/extension.js:2:52239)
	at _0x500d80 (/home/maskura/.vscode/extensions/ms-python.vscode-pylance-2024.8.2/dist/extension.bundle.js:1:214371)
	at process.processTicksAndRejections (node:internal/process/task_queues:95:5)
	at async _0x5446db (/home/maskura/.vscode/extensions/ms-python.vscode-pylance-2024.8.2/dist/extension.bundle.js:1:218069)
	at async _0x1d21da._startClient (/home/maskura/.vscode/extensions/ms-python.vscode-pylance-2024.8.2/dist/extension.bundle.js:1:167360)
	at async _0x1d21da._createNewRequest (/home/maskura/.vscode/extensions/ms-python.vscode-pylance-2024.8.2/dist/extension.bundle.js:1:166885)
	at async _0x1d21da._enqueueRequestAndWaitForRun (/home/maskura/.vscode/extensions/ms-python.vscode-pylance-2024.8.2/dist/extension.bundle.js:1:166089)
	at async _0x1d21da.startClient (/home/maskura/.vscode/extensions/ms-python.vscode-pylance-2024.8.2/dist/extension.bundle.js:1:165605)
	at async h.start (/home/maskura/.vscode/extensions/ms-python.python-2024.14.0-linux-x64/out/client/extension.js:2:39659)]
2024-10-26 22:20:08.038 [info] Python interpreter path: /bin/python3
